[0KRunning with gitlab-runner 16.2.0 (782e15da)[0;m
[0K  on runner rmAZ9A2q-, system ID: s_568219105947[0;m
section_start:1691072693:prepare_executor
[0K[0K[36;1mPreparing the "docker" executor[0;m[0;m
[0KUsing Docker executor with image docker:20.10.5 ...[0;m
[0KStarting service docker:20.10.5-dind ...[0;m
[0KPulling docker image docker:20.10.5-dind ...[0;m
[0KUsing docker image sha256:0a9822c8848df3eb0a1562e553fdd54215939ef0a528434ee026c64ff645148c for docker:20.10.5-dind with digest docker@sha256:e4ecd4e9ad5140d584669451b05e406d8cf7603e51972b862178ad93c38b2b08 ...[0;m
[0;33mWARNING: Service docker:20.10.5-dind is already created. Ignoring.[0;m
[0KWaiting for services to be up and running (timeout 30 seconds)...[0;m
[0KPulling docker image docker:20.10.5 ...[0;m
[0KUsing docker image sha256:1588477122de4fdfe9fcb9ddeeee6ac6b93e9e05a65c68a6e22add0a98b8e0fe for docker:20.10.5 with digest docker@sha256:7ed427295687586039ff3433bb9b4419c5cf1e6294025dadf7641126665a78f5 ...[0;m
section_end:1691072715:prepare_executor
[0Ksection_start:1691072715:prepare_script
[0K[0K[36;1mPreparing environment[0;m[0;m
Running on runner-rmaz9a2q--project-1-concurrent-0 via runner...
section_end:1691072716:prepare_script
[0Ksection_start:1691072716:get_sources
[0K[0K[36;1mGetting source from Git repository[0;m[0;m
[32;1mFetching changes with git depth set to 20...[0;m
Reinitialized existing Git repository in /builds/nkunaev/homework95/.git/
[32;1mChecking out 6e2542c3 as detached HEAD (ref is main)...[0;m

[32;1mSkipping Git submodules setup[0;m
section_end:1691072717:get_sources
[0Ksection_start:1691072717:step_script
[0K[0K[36;1mExecuting "step_script" stage of the job script[0;m[0;m
[0KUsing docker image sha256:1588477122de4fdfe9fcb9ddeeee6ac6b93e9e05a65c68a6e22add0a98b8e0fe for docker:20.10.5 with digest docker@sha256:7ed427295687586039ff3433bb9b4419c5cf1e6294025dadf7641126665a78f5 ...[0;m
[32;1m$ docker login -u gitlab-ci-token -p $CI_JOB_TOKEN $CI_REGISTRY[0;m
WARNING! Using --password via the CLI is insecure. Use --password-stdin.
WARNING! Your password will be stored unencrypted in /root/.docker/config.json.
Configure a credential helper to remove this warning. See
https://docs.docker.com/engine/reference/commandline/login/#credentials-store

Login Succeeded
[32;1m$ docker build -t $CI_REGISTRY_IMAGE:gitlab-$CI_COMMIT_SHORT_SHA .[0;m
Sending build context to Docker daemon  185.9kB

Step 1/6 : FROM centos:7
7: Pulling from library/centos
2d473b07cdd5: Pulling fs layer
2d473b07cdd5: Verifying Checksum
2d473b07cdd5: Download complete
2d473b07cdd5: Pull complete
Digest: sha256:be65f488b7764ad3638f236b7b515b3678369a5124c47b8d32916d6487418ea4
Status: Downloaded newer image for centos:7
 ---> eeb6ee3f44bd
Step 2/6 : RUN yum install python3 python3-pip -y && mkdir /python_api
 ---> Running in 6a0f2cf73b17
Loaded plugins: fastestmirror, ovl
Determining fastest mirrors
 * base: mirror.docker.ru
 * extras: mirror.yandex.ru
 * updates: centos-mirror.rbc.ru
Resolving Dependencies
--> Running transaction check
---> Package python3.x86_64 0:3.6.8-19.el7_9 will be installed
--> Processing Dependency: python3-libs(x86-64) = 3.6.8-19.el7_9 for package: python3-3.6.8-19.el7_9.x86_64
--> Processing Dependency: python3-setuptools for package: python3-3.6.8-19.el7_9.x86_64
--> Processing Dependency: libpython3.6m.so.1.0()(64bit) for package: python3-3.6.8-19.el7_9.x86_64
---> Package python3-pip.noarch 0:9.0.3-8.el7 will be installed
--> Running transaction check
---> Package python3-libs.x86_64 0:3.6.8-19.el7_9 will be installed
--> Processing Dependency: libtirpc.so.1()(64bit) for package: python3-libs-3.6.8-19.el7_9.x86_64
---> Package python3-setuptools.noarch 0:39.2.0-10.el7 will be installed
--> Running transaction check
---> Package libtirpc.x86_64 0:0.2.4-0.16.el7 will be installed
--> Finished Dependency Resolution

Dependencies Resolved

================================================================================
 Package                  Arch         Version              Repository     Size
================================================================================
Installing:
 python3                  x86_64       3.6.8-19.el7_9       updates        70 k
 python3-pip              noarch       9.0.3-8.el7          base          1.6 M
Installing for dependencies:
 libtirpc                 x86_64       0.2.4-0.16.el7       base           89 k
 python3-libs             x86_64       3.6.8-19.el7_9       updates       6.9 M
 python3-setuptools       noarch       39.2.0-10.el7        base          629 k

Transaction Summary
================================================================================
Install  2 Packages (+3 Dependent packages)

Total download size: 9.3 M
Installed size: 48 M
Downloading packages:
[91mwarning: /var/cache/yum/x86_64/7/updates/packages/python3-3.6.8-19.el7_9.x86_64.rpm: Header V4 RSA/SHA256 Signature, key ID f4a80eb5: NOKEY
[0mPublic key for python3-3.6.8-19.el7_9.x86_64.rpm is not installed
Public key for libtirpc-0.2.4-0.16.el7.x86_64.rpm is not installed
--------------------------------------------------------------------------------
Total                                               26 MB/s | 9.3 MB  00:00
Retrieving key from file:///etc/pki/rpm-gpg/RPM-GPG-KEY-CentOS-7
[91mImporting GPG key 0xF4A80EB5:
 Userid     : "CentOS-7 Key (CentOS 7 Official Signing Key) <security@centos.org>"
 Fingerprint: 6341 ab27 53d7 8a78 a7c2 7bb1 24c6 a8a7 f4a8 0eb5
 Package    : centos-release-7-9.2009.0.el7.centos.x86_64 (@CentOS)
 From       : /etc/pki/rpm-gpg/RPM-GPG-KEY-CentOS-7
[0mRunning transaction check
Running transaction test
Transaction test succeeded
Running transaction
  Installing : libtirpc-0.2.4-0.16.el7.x86_64                               1/5
  Installing : python3-setuptools-39.2.0-10.el7.noarch                      2/5
  Installing : python3-pip-9.0.3-8.el7.noarch                               3/5
  Installing : python3-3.6.8-19.el7_9.x86_64                                4/5
  Installing : python3-libs-3.6.8-19.el7_9.x86_64                           5/5
  Verifying  : libtirpc-0.2.4-0.16.el7.x86_64                               1/5
  Verifying  : python3-libs-3.6.8-19.el7_9.x86_64                           2/5
  Verifying  : python3-3.6.8-19.el7_9.x86_64                                3/5
  Verifying  : python3-setuptools-39.2.0-10.el7.noarch                      4/5
  Verifying  : python3-pip-9.0.3-8.el7.noarch                               5/5

Installed:
  python3.x86_64 0:3.6.8-19.el7_9        python3-pip.noarch 0:9.0.3-8.el7

Dependency Installed:
  libtirpc.x86_64 0:0.2.4-0.16.el7
  python3-libs.x86_64 0:3.6.8-19.el7_9
  python3-setuptools.noarch 0:39.2.0-10.el7

Complete!
Removing intermediate container 6a0f2cf73b17
 ---> 69e1b95fbe56
Step 3/6 : COPY . /python_api
 ---> 3f74f4785327
Step 4/6 : WORKDIR /python_api
 ---> Running in af39a9e5ac9e
Removing intermediate container af39a9e5ac9e
 ---> 46991d55768b
Step 5/6 : RUN pip3 install -r requirements.txt
 ---> Running in 189e2c2d1a81
[91mWARNING: Running pip install with root privileges is generally not a good idea. Try `pip3 install --user` instead.
[0mCollecting flask (from -r requirements.txt (line 1))
  Downloading https://files.pythonhosted.org/packages/cd/77/59df23681f4fd19b7cbbb5e92484d46ad587554f5d490f33ef907e456132/Flask-2.0.3-py3-none-any.whl (95kB)
Collecting flask-jsonpify (from -r requirements.txt (line 2))
  Downloading https://files.pythonhosted.org/packages/60/0f/c389dea3988bffbe32c1a667989914b1cc0bce31b338c8da844d5e42b503/Flask-Jsonpify-1.5.0.tar.gz
Collecting flask-restful (from -r requirements.txt (line 3))
  Downloading https://files.pythonhosted.org/packages/d7/7b/f0b45f0df7d2978e5ae51804bb5939b7897b2ace24306009da0cc34d8d1f/Flask_RESTful-0.3.10-py2.py3-none-any.whl
Collecting click>=7.1.2 (from flask->-r requirements.txt (line 1))
  Downloading https://files.pythonhosted.org/packages/4a/a8/0b2ced25639fb20cc1c9784de90a8c25f9504a7f18cd8b5397bd61696d7d/click-8.0.4-py3-none-any.whl (97kB)
Collecting Werkzeug>=2.0 (from flask->-r requirements.txt (line 1))
  Downloading https://files.pythonhosted.org/packages/f4/f3/22afbdb20cc4654b10c98043414a14057cd27fdba9d4ae61cea596000ba2/Werkzeug-2.0.3-py3-none-any.whl (289kB)
Collecting itsdangerous>=2.0 (from flask->-r requirements.txt (line 1))
  Downloading https://files.pythonhosted.org/packages/9c/96/26f935afba9cd6140216da5add223a0c465b99d0f112b68a4ca426441019/itsdangerous-2.0.1-py3-none-any.whl
Collecting Jinja2>=3.0 (from flask->-r requirements.txt (line 1))
  Downloading https://files.pythonhosted.org/packages/20/9a/e5d9ec41927401e41aea8af6d16e78b5e612bca4699d417f646a9610a076/Jinja2-3.0.3-py3-none-any.whl (133kB)
Collecting pytz (from flask-restful->-r requirements.txt (line 3))
  Downloading https://files.pythonhosted.org/packages/7f/99/ad6bd37e748257dd70d6f85d916cafe79c0b0f5e2e95b11f7fbc82bf3110/pytz-2023.3-py2.py3-none-any.whl (502kB)
Collecting aniso8601>=0.82 (from flask-restful->-r requirements.txt (line 3))
  Downloading https://files.pythonhosted.org/packages/e3/04/e97c12dc034791d7b504860acfcdd2963fa21ae61eaca1c9d31245f812c3/aniso8601-9.0.1-py2.py3-none-any.whl (52kB)
Collecting six>=1.3.0 (from flask-restful->-r requirements.txt (line 3))
  Downloading https://files.pythonhosted.org/packages/d9/5a/e7c31adbe875f2abbb91bd84cf2dc52d792b5a01506781dbcf25c91daf11/six-1.16.0-py2.py3-none-any.whl
Collecting importlib-metadata; python_version < "3.8" (from click>=7.1.2->flask->-r requirements.txt (line 1))
  Downloading https://files.pythonhosted.org/packages/a0/a1/b153a0a4caf7a7e3f15c2cd56c7702e2cf3d89b1b359d1f1c5e59d68f4ce/importlib_metadata-4.8.3-py3-none-any.whl
Collecting dataclasses; python_version < "3.7" (from Werkzeug>=2.0->flask->-r requirements.txt (line 1))
  Downloading https://files.pythonhosted.org/packages/fe/ca/75fac5856ab5cfa51bbbcefa250182e50441074fdc3f803f6e76451fab43/dataclasses-0.8-py3-none-any.whl
Collecting MarkupSafe>=2.0 (from Jinja2>=3.0->flask->-r requirements.txt (line 1))
  Downloading https://files.pythonhosted.org/packages/fc/d6/57f9a97e56447a1e340f8574836d3b636e2c14de304943836bd645fa9c7e/MarkupSafe-2.0.1-cp36-cp36m-manylinux1_x86_64.whl
Collecting typing-extensions>=3.6.4; python_version < "3.8" (from importlib-metadata; python_version < "3.8"->click>=7.1.2->flask->-r requirements.txt (line 1))
  Downloading https://files.pythonhosted.org/packages/45/6b/44f7f8f1e110027cf88956b59f2fad776cca7e1704396d043f89effd3a0e/typing_extensions-4.1.1-py3-none-any.whl
Collecting zipp>=0.5 (from importlib-metadata; python_version < "3.8"->click>=7.1.2->flask->-r requirements.txt (line 1))
  Downloading https://files.pythonhosted.org/packages/bd/df/d4a4974a3e3957fd1c1fa3082366d7fff6e428ddb55f074bf64876f8e8ad/zipp-3.6.0-py3-none-any.whl
Installing collected packages: typing-extensions, zipp, importlib-metadata, click, dataclasses, Werkzeug, itsdangerous, MarkupSafe, Jinja2, flask, flask-jsonpify, pytz, aniso8601, six, flask-restful
  Running setup.py install for flask-jsonpify: started
    Running setup.py install for flask-jsonpify: finished with status 'done'
Successfully installed Jinja2-3.0.3 MarkupSafe-2.0.1 Werkzeug-2.0.3 aniso8601-9.0.1 click-8.0.4 dataclasses-0.8 flask-2.0.3 flask-jsonpify-1.5.0 flask-restful-0.3.10 importlib-metadata-4.8.3 itsdangerous-2.0.1 pytz-2023.3 six-1.16.0 typing-extensions-4.1.1 zipp-3.6.0
Removing intermediate container 189e2c2d1a81
 ---> d20801de6597
Step 6/6 : CMD ["python3", "python-api.py"]
 ---> Running in a5f73bf01179
Removing intermediate container a5f73bf01179
 ---> a08cca59517f
Successfully built a08cca59517f
Successfully tagged kunaev.gitlab.yandexcloud.net:5050/nkunaev/homework95:gitlab-6e2542c3
[32;1m$ docker push $CI_REGISTRY_IMAGE:gitlab-$CI_COMMIT_SHORT_SHA[0;m
The push refers to repository [kunaev.gitlab.yandexcloud.net:5050/nkunaev/homework95]
ecb56c303e29: Preparing
3fb1294a8b0b: Preparing
bebbacb9c4d0: Preparing
174f56854903: Preparing
174f56854903: Layer already exists
3fb1294a8b0b: Pushed
ecb56c303e29: Pushed
bebbacb9c4d0: Pushed
gitlab-6e2542c3: digest: sha256:7d1209cd86541b58260c0130e7ec6d0818e3cbf609b22ddf41072c216eaf418f size: 1161
section_end:1691072811:step_script
[0Ksection_start:1691072811:cleanup_file_variables
[0K[0K[36;1mCleaning up project directory and file based variables[0;m[0;m
section_end:1691072812:cleanup_file_variables
[0K[32;1mJob succeeded[0;m
